<?xml version="1.0" encoding="UTF-8"?>
<!-- Generated by org.testng.reporters.JUnitXMLReporter -->
<testsuite hostname="DESKTOP-FOLJODC" ignored="0" name="Test" tests="4" failures="2" timestamp="2020-01-14T15:22:40 EST" time="36.771" errors="0">
  <testcase name="@BeforeMethod openAndNavigate" time="0.017" classname="com.class01.TitleLogoAndLoginVerification">
    <failure type="org.openqa.selenium.NoSuchSessionException" message="Session ID is null. Using WebDriver after calling quit()?
Build info: version: &amp;apos;3.141.59&amp;apos;, revision: &amp;apos;e82be7d358&amp;apos;, time: &amp;apos;2018-11-14T08:25:48&amp;apos;
System info: host: &amp;apos;DESKTOP-FOLJODC&amp;apos;, ip: &amp;apos;192.168.1.239&amp;apos;, os.name: &amp;apos;Windows 10&amp;apos;, os.arch: &amp;apos;amd64&amp;apos;, os.version: &amp;apos;10.0&amp;apos;, java.version: &amp;apos;1.8.0_231&amp;apos;
Driver info: driver.version: RemoteWebDriver">
      <![CDATA[org.openqa.selenium.NoSuchSessionException: Session ID is null. Using WebDriver after calling quit()?
Build info: version: '3.141.59', revision: 'e82be7d358', time: '2018-11-14T08:25:48'
System info: host: 'DESKTOP-FOLJODC', ip: '192.168.1.239', os.name: 'Windows 10', os.arch: 'amd64', os.version: '10.0', java.version: '1.8.0_231'
Driver info: driver.version: RemoteWebDriver
at org.openqa.selenium.remote.HttpCommandExecutor.execute(HttpCommandExecutor.java:125)
at org.openqa.selenium.remote.service.DriverCommandExecutor.execute(DriverCommandExecutor.java:83)
at org.openqa.selenium.remote.RemoteWebDriver.execute(RemoteWebDriver.java:552)
at org.openqa.selenium.remote.RemoteWebDriver.execute(RemoteWebDriver.java:609)
at org.openqa.selenium.remote.RemoteWebDriver$RemoteWebDriverOptions$RemoteWindow.maximize(RemoteWebDriver.java:837)
at com.util.CommonMethods.setUp(CommonMethods.java:38)
at com.class01.TitleLogoAndLoginVerification.openAndNavigate(TitleLogoAndLoginVerification.java:14)
at java.util.ArrayList.forEach(Unknown Source)
... Removed 31 stack frames]]>
    </failure>
  </testcase> <!-- @BeforeMethod openAndNavigate -->
  <testcase name="@AfterMethod closeBrowser" time="-1.57903336012E9" classname="com.class01.TitleLogoAndLoginVerification">
    <skipped/>
  </testcase> <!-- @AfterMethod closeBrowser -->
  <testcase name="logoAndLogin" time="2.261" classname="com.class02.SoftAssertDemo">
    <failure type="java.lang.AssertionError" message="The following asserts failed:
	Logo is NOT displayed did not expect to find [true] but found [false]">
      <![CDATA[java.lang.AssertionError: The following asserts failed:
Logo is NOT displayed did not expect to find [true] but found [false]
at com.class02.SoftAssertDemo.logoAndLogin(SoftAssertDemo.java:42)
at java.util.ArrayList.forEach(Unknown Source)
... Removed 29 stack frames]]>
    </failure>
  </testcase> <!-- logoAndLogin -->
  <testcase name="titleValidation" time="0.006" classname="com.class02.AssertionDemo">
    <failure type="java.lang.AssertionError" message="Titles are NOT matched expected [Human Management Systems] but found [Human Management System]">
      <![CDATA[java.lang.AssertionError: Titles are NOT matched expected [Human Management Systems] but found [Human Management System]
at com.class02.AssertionDemo.titleValidation(AssertionDemo.java:23)
at java.util.ArrayList.forEach(Unknown Source)
... Removed 31 stack frames]]>
    </failure>
  </testcase> <!-- titleValidation -->
  <testcase name="logoValidation" time="0.036" classname="com.class02.AssertionDemo"/>
  <testcase name="titleValiation" time="0.0" classname="com.class01.TitleLogoAndLoginVerification">
    <skipped/>
  </testcase> <!-- titleValiation -->
</testsuite> <!-- Test -->
